<?xml version="1.0" encoding="UTF-8"?>
<!-- Generated by org.testng.reporters.JUnitReportReporter -->
<testsuite hostname="DESKTOP-RKPHO4B" failures="0" tests="1" name="TestNGListener.LoginTest" time="1.691" errors="0" timestamp="2023-06-06T08:26:05 IST" skipped="0">
  <testcase classname="TestNGListener.LoginTest" name="doLogin" time="1.691"/>
  <system-out/>
</testsuite> <!-- TestNGListener.LoginTest -->
